<?xml version="1.0" encoding="UTF-8"?>
<!-- Generated by org.testng.reporters.JUnitReportReporter -->
<testsuite skipped="0" hostname="IN-00236766" name="testcases.demoblaze.purchaseProduct" tests="1" failures="0" timestamp="11 Jun 2020 10:45:08 GMT" time="70.714" errors="0">
  <testcase name="DemoBlaze_TC02_purchaseProduct" time="70.714" classname="testcases.demoblaze.purchaseProduct"/>
</testsuite> <!-- testcases.demoblaze.purchaseProduct -->
