<?xml version="1.0" encoding="UTF-8"?>
<!-- Generated by org.testng.reporters.JUnitReportReporter -->
<testsuite skipped="0" hostname="IN-00236766" name="testcases.demoblaze.viewProducts" tests="1" failures="0" timestamp="14 Aug 2020 11:53:32 GMT" time="69.431" errors="0">
  <testcase name="DemoBlaze_TC01_ViewProducts" time="69.431" classname="testcases.demoblaze.viewProducts"/>
</testsuite> <!-- testcases.demoblaze.viewProducts -->
